\BOOKMARK [0][-]{chapter*.2}{\376\377\000\332\000v\000o\000d}{}% 1
\BOOKMARK [1][-]{section.0.1}{\376\377\000S\000o\000u\000v\000i\000s\000e\000j\000\355\000c\000\355\000\040\000p\000r\000\341\000c\000e}{chapter*.2}% 2
\BOOKMARK [0][-]{chapter.1}{\376\377\000T\000e\000o\000r\000i\000e}{}% 3
\BOOKMARK [1][-]{section.1.1}{\376\377\000S\000k\000o\000k\000\040\000o\000\040\000t\000y\001\015\000i}{chapter.1}% 4
\BOOKMARK [2][-]{subsection.1.1.1}{\376\377\000A\000n\000a\000l\000\375\000z\000a\000\040\000t\000e\000c\000h\000n\000i\000c\000k\000\351\000h\000o\000\040\000p\000r\000o\000v\000e\000d\000e\000n\000\355\000\040\000s\000k\000o\000k\000u}{section.1.1}% 5
\BOOKMARK [2][-]{subsection.1.1.2}{\376\377\000A\000n\000a\000l\000\375\000z\000a\000\040\000b\000i\000o\000m\000e\000c\000h\000a\000n\000i\000c\000k\000\375\000c\000h\000\040\000p\000a\000r\000a\000m\000e\000t\000r\001\157\000\040\000s\000k\000o\000k\000u}{section.1.1}% 6
\BOOKMARK [1][-]{section.1.2}{\376\377\000Z\000p\000r\000a\000c\000o\000v\000\341\000n\000\355\000\040\000o\000b\000r\000a\000z\000u}{chapter.1}% 7
\BOOKMARK [2][-]{subsection.1.2.1}{\376\377\000D\000e\000t\000e\000k\000c\000e\000\040\001\015\000l\000o\000v\001\033\000k\000a}{section.1.2}% 8
\BOOKMARK [2][-]{subsection.1.2.2}{\376\377\000T\000r\000a\000c\000k\000e\000r}{section.1.2}% 9
\BOOKMARK [2][-]{subsection.1.2.3}{\376\377\000D\000e\000t\000e\000k\000c\000e\000\040\000k\000o\000s\000t\000r\000y}{section.1.2}% 10
\BOOKMARK [0][-]{chapter.2}{\376\377\000N\000\341\000v\000r\000h\000\040\001\131\000e\001\141\000e\000n\000\355}{}% 11
\BOOKMARK [1][-]{section.2.1}{\376\377\000S\000o\000u\001\131\000a\000d\000n\000\351\000\040\000s\000y\000s\000t\000\351\000m\000y}{chapter.2}% 12
\BOOKMARK [2][-]{subsection.2.1.1}{\376\377\000S\000n\000\355\000m\000e\000k}{section.2.1}% 13
\BOOKMARK [2][-]{subsection.2.1.2}{\376\377\000V\000i\000d\000e\000o}{section.2.1}% 14
\BOOKMARK [2][-]{subsection.2.1.3}{\376\377\000P\000r\000o\000s\000t\000o\000r}{section.2.1}% 15
\BOOKMARK [1][-]{section.2.2}{\376\377\000V\000s\000t\000u\000p\000\040\000p\000r\000o\000g\000r\000a\000m\000u}{chapter.2}% 16
\BOOKMARK [1][-]{section.2.3}{\376\377\000A\000n\000a\000l\000\375\000z\000a\000\040\000v\000i\000d\000e\000a}{chapter.2}% 17
\BOOKMARK [2][-]{subsection.2.3.1}{\376\377\000Z\000p\000r\000a\000c\000o\000v\000\341\000n\000\355\000\040\000v\000i\000d\000e\000a}{section.2.3}% 18
\BOOKMARK [2][-]{subsection.2.3.2}{\376\377\000N\000a\000l\000e\000z\000e\000n\000\355\000\040\000a\000t\000l\000e\000t\000a}{section.2.3}% 19
\BOOKMARK [2][-]{subsection.2.3.3}{\376\377\000D\000e\000t\000e\000k\000c\000e\000\040\000k\000o\000s\000t\000r\000y}{section.2.3}% 20
\BOOKMARK [2][-]{subsection.2.3.4}{\376\377\000K\000o\000n\000v\000e\000r\000z\000e\000\040\000k\000o\000s\000t\000r\000y\000\040\000d\000o\000\040\0003\000D\000\040\000m\000o\000d\000e\000l\000u}{section.2.3}% 21
\BOOKMARK [2][-]{subsection.2.3.5}{\376\377\000A\000n\000a\000l\000\375\000z\000a\000\040\000p\000a\000r\000a\000m\000e\000t\000r\001\157}{section.2.3}% 22
\BOOKMARK [1][-]{section.2.4}{\376\377\000A\000n\000a\000l\000\375\000z\000a\000\040\000m\000o\000d\000e\000l\000u}{chapter.2}% 23
\BOOKMARK [1][-]{section.2.5}{\376\377\000V\000\375\000s\000t\000u\000p\000\040\000p\000r\000o\000g\000r\000a\000m\000u}{chapter.2}% 24
\BOOKMARK [2][-]{subsection.2.5.1}{\376\377\000U\000l\000o\001\176\000e\000n\000\355\000\040\000v\000\375\000s\000t\000u\000p\000u}{section.2.5}% 25
\BOOKMARK [2][-]{subsection.2.5.2}{\376\377\000Z\000o\000b\000r\000a\000z\000e\000n\000\355\000\040\000v\000\375\000s\000t\000u\000p\000u\000\040\000u\001\176\000i\000v\000a\000t\000e\000l\000i}{section.2.5}% 26
\BOOKMARK [1][-]{section.2.6}{\376\377\000P\000r\000o\000g\000r\000a\000m\000o\000v\000\351\000\040\000v\000y\000b\000a\000v\000e\000n\000\355}{chapter.2}% 27
\BOOKMARK [2][-]{subsection.2.6.1}{\376\377\000P\000o\001\015\000\355\000t\000a\001\015\000o\000v\000\351\000\040\000v\000i\000d\001\033\000n\000\355\000\040\000a\000\040\000z\000p\000r\000a\000c\000o\000v\000\341\000n\000\355\000\040\000o\000b\000r\000a\000z\000u}{section.2.6}% 28
\BOOKMARK [2][-]{subsection.2.6.2}{\376\377\000G\000r\000a\000f\000i\000c\000k\000\341\000\040\000r\000e\000p\000r\000e\000z\000e\000n\000t\000a\000c\000e\000\040\000v\000\375\000s\000t\000u\000p\000u}{section.2.6}% 29
\BOOKMARK [0][-]{chapter.3}{\376\377\000R\000e\000a\000l\000i\000z\000a\000c\000e}{}% 30
\BOOKMARK [1][-]{section.3.1}{\376\377\000Z\000v\000o\000l\000e\000n\000\351\000\040\000p\000r\000o\000s\000t\001\131\000e\000d\000k\000y}{chapter.3}% 31
\BOOKMARK [1][-]{section.3.2}{\376\377\000K\000o\000n\000v\000e\000r\000z\000e\000\040\000s\000o\000u\001\131\000a\000d\000n\000\375\000c\000h\000\040\000s\000y\000s\000t\000\351\000m\001\157}{chapter.3}% 32
\BOOKMARK [1][-]{section.3.3}{\376\377\000S\000t\000r\000u\000k\000t\000u\000r\000a\000\040\000p\000r\000o\000g\000r\000a\000m\000u}{chapter.3}% 33
\BOOKMARK [1][-]{section.3.4}{\376\377\000V\000s\000t\000u\000p\000\040\000p\000r\000o\000g\000r\000a\000m\000u}{chapter.3}% 34
\BOOKMARK [1][-]{section.3.5}{\376\377\000A\000n\000a\000l\000\375\000z\000a\000\040\000v\000i\000d\000e\000a}{chapter.3}% 35
\BOOKMARK [2][-]{subsection.3.5.1}{\376\377\000Z\000p\000r\000a\000c\000o\000v\000\341\000n\000\355\000\040\000v\000i\000d\000e\000a}{section.3.5}% 36
\BOOKMARK [2][-]{subsection.3.5.2}{\376\377\000N\000a\000l\000e\000z\000e\000n\000\355\000\040\000a\000t\000l\000e\000t\000a}{section.3.5}% 37
\BOOKMARK [2][-]{subsection.3.5.3}{\376\377\000D\000e\000t\000e\000k\000c\000e\000\040\000k\000o\000s\000t\000r\000y}{section.3.5}% 38
\BOOKMARK [2][-]{subsection.3.5.4}{\376\377\000K\000o\000n\000v\000e\000r\000z\000e\000\040\000k\000o\000s\000t\000r\000y\000\040\000d\000o\000\040\0003\000D\000\040\000m\000o\000d\000e\000l\000u}{section.3.5}% 39
\BOOKMARK [2][-]{subsection.3.5.5}{\376\377\000A\000n\000a\000l\000\375\000z\000a\000\040\000p\000a\000r\000a\000m\000e\000t\000r\001\157}{section.3.5}% 40
\BOOKMARK [1][-]{section.3.6}{\376\377\000A\000n\000a\000l\000\375\000z\000a\000\040\000m\000o\000d\000e\000l\000u}{chapter.3}% 41
\BOOKMARK [1][-]{section.3.7}{\376\377\000V\000\375\000s\000t\000u\000p\000\040\000p\000r\000o\000g\000r\000a\000m\000u}{chapter.3}% 42
\BOOKMARK [2][-]{subsection.3.7.1}{\376\377\000U\000l\000o\001\176\000e\000n\000\355\000\040\000v\000\375\000s\000t\000u\000p\000u}{section.3.7}% 43
\BOOKMARK [2][-]{subsection.3.7.2}{\376\377\000Z\000o\000b\000r\000a\000z\000e\000n\000\355\000\040\000v\000\375\000s\000t\000u\000p\000u\000\040\000u\001\176\000i\000v\000a\000t\000e\000l\000i}{section.3.7}% 44
\BOOKMARK [0][-]{chapter.4}{\376\377\000E\000x\000p\000e\000r\000i\000m\000e\000n\000t\000y}{}% 45
\BOOKMARK [1][-]{section.4.1}{\376\377\000V\000o\000l\000b\000a\000\040\000\372\000v\000o\000d\000n\000\355\000\040\000p\000o\000z\000i\000c\000e\000\040\000a\000t\000l\000e\000t\000a}{chapter.4}% 46
\BOOKMARK [2][-]{subsection.4.1.1}{\376\377\000P\000o\000z\000i\000c\000e\000\040\000o\000h\000r\000a\000n\000i\001\015\000u\000j\000\355\000c\000\355\000h\000o\000\040\000r\000\341\000m\000e\001\015\000k\000u}{section.4.1}% 47
\BOOKMARK [2][-]{subsection.4.1.2}{\376\377\000V\000e\000l\000i\000k\000o\000s\000t\000\040\000o\000h\000r\000a\000n\000i\001\015\000u\000j\000\355\000c\000\355\000h\000o\000\040\000r\000\341\000m\000e\001\015\000k\000u}{section.4.1}% 48
\BOOKMARK [1][-]{section.4.2}{\376\377\000P\000o\000h\000y\000b\000\040\000k\000a\000m\000e\000r\000y}{chapter.4}% 49
\BOOKMARK [2][-]{subsection.4.2.1}{\376\377\000V\000e\000r\000t\000i\000k\000\341\000l\000n\000\355\000\040\000p\000o\000h\000y\000b\000\040\000k\000a\000m\000e\000r\000y}{section.4.2}% 50
\BOOKMARK [2][-]{subsection.4.2.2}{\376\377\000R\000o\000t\000a\000c\000e\000\040\000k\000a\000m\000e\000r\000y}{section.4.2}% 51
\BOOKMARK [1][-]{section.4.3}{\376\377\000P\000o\000z\000i\000c\000e\000\040\000k\000a\000m\000e\000r\000y}{chapter.4}% 52
\BOOKMARK [2][-]{subsection.4.3.1}{\376\377\000S\000m\001\033\000r\000\040\000r\000o\000z\000b\001\033\000h\000u}{section.4.3}% 53
\BOOKMARK [2][-]{subsection.4.3.2}{\376\377\000\332\000h\000e\000l\000\040\000z\000\341\000b\001\033\000r\000u}{section.4.3}% 54
\BOOKMARK [2][-]{subsection.4.3.3}{\376\377\000V\000z\000d\000\341\000l\000e\000n\000o\000s\000t\000\040\000k\000a\000m\000e\000r\000y}{section.4.3}% 55
\BOOKMARK [1][-]{section.4.4}{\376\377\000D\000a\000l\001\141\000\355\000\040\000p\000o\000s\000t\000a\000v\000y\000\040\000v\000e\000\040\000v\000i\000d\000e\000u}{chapter.4}% 56
\BOOKMARK [1][-]{section.4.5}{\376\377\000F\000r\000e\000k\000v\000e\000n\000c\000e\000\040\000s\000n\000\355\000m\000k\001\157}{chapter.4}% 57
\BOOKMARK [1][-]{section.4.6}{\376\377\000Z\000\341\000v\000o\000d\000y}{chapter.4}% 58
\BOOKMARK [1][-]{section.4.7}{\376\377\000S\000h\000r\000n\000u\000t\000\355}{chapter.4}% 59
\BOOKMARK [0][-]{chapter*.63}{\376\377\000Z\000\341\000v\001\033\000r}{}% 60
\BOOKMARK [0][-]{chapter*.64}{\376\377\000S\000e\000z\000n\000a\000m\000\040\000p\000o\000u\001\176\000i\000t\000\351\000\040\000l\000i\000t\000e\000r\000a\000t\000u\000r\000y}{}% 61
\BOOKMARK [0][-]{chapter*.65}{\376\377\000S\000e\000z\000n\000a\000m\000\040\000o\000b\000r\000\341\000z\000k\001\157}{}% 62
\BOOKMARK [0][-]{chapter*.66}{\376\377\000S\000e\000z\000n\000a\000m\000\040\000t\000a\000b\000u\000l\000e\000k}{}% 63
\BOOKMARK [0][-]{chapter*.67}{\376\377\000S\000e\000z\000n\000a\000m\000\040\000p\000o\000u\001\176\000i\000t\000\375\000c\000h\000\040\000z\000k\000r\000a\000t\000e\000k}{}% 64
\BOOKMARK [0][-]{appendix.A}{\376\377\000P\001\131\000\355\000l\000o\000h\000y}{}% 65
\BOOKMARK [1][-]{section.A.1}{\376\377\000P\000r\000v\000n\000\355\000\040\000p\001\131\000\355\000l\000o\000h\000a}{appendix.A}% 66
